{"timestamp": "2025-03-06 17:02:26,715", "level": "INFO", "logger": "core.exceptions.handlers", "message": "Exception handlers registered successfully", "request_id": "", "taskName": null}
{"timestamp": "2025-03-06 17:02:27,877", "level": "INFO", "logger": "core.exceptions.handlers", "message": "Exception handlers registered successfully", "request_id": "", "taskName": null}
{"timestamp": "2025-03-06 17:02:27,978", "level": "INFO", "logger": "core.exceptions.handlers", "message": "Exception handlers registered successfully", "request_id": "", "taskName": "Task-1"}
{"timestamp": "2025-03-06 17:02:28,017", "level": "INFO", "logger": "root", "message": "Initializing database...", "request_id": "", "taskName": "Task-2"}
{"timestamp": "2025-03-06 17:02:28,017", "level": "INFO", "logger": "db.repository", "message": "Attempting database connection (attempt 1/5)", "request_id": "", "taskName": "Task-2"}
{"timestamp": "2025-03-06 17:02:28,072", "level": "INFO", "logger": "sqlalchemy.engine.Engine", "message": "select pg_catalog.version()", "request_id": "", "taskName": "Task-2"}
{"timestamp": "2025-03-06 17:02:28,073", "level": "INFO", "logger": "sqlalchemy.engine.Engine", "message": "[raw sql] ()", "request_id": "", "taskName": "Task-2"}
{"timestamp": "2025-03-06 17:02:28,076", "level": "INFO", "logger": "sqlalchemy.engine.Engine", "message": "select current_schema()", "request_id": "", "taskName": "Task-2"}
{"timestamp": "2025-03-06 17:02:28,076", "level": "INFO", "logger": "sqlalchemy.engine.Engine", "message": "[raw sql] ()", "request_id": "", "taskName": "Task-2"}
{"timestamp": "2025-03-06 17:02:28,079", "level": "INFO", "logger": "sqlalchemy.engine.Engine", "message": "show standard_conforming_strings", "request_id": "", "taskName": "Task-2"}
{"timestamp": "2025-03-06 17:02:28,079", "level": "INFO", "logger": "sqlalchemy.engine.Engine", "message": "[raw sql] ()", "request_id": "", "taskName": "Task-2"}
{"timestamp": "2025-03-06 17:02:28,082", "level": "INFO", "logger": "sqlalchemy.engine.Engine", "message": "BEGIN (implicit)", "request_id": "", "taskName": "Task-2"}
{"timestamp": "2025-03-06 17:02:28,085", "level": "INFO", "logger": "sqlalchemy.engine.Engine", "message": "SELECT pg_catalog.pg_class.relname \nFROM pg_catalog.pg_class JOIN pg_catalog.pg_namespace ON pg_catalog.pg_namespace.oid = pg_catalog.pg_class.relnamespace \nWHERE pg_catalog.pg_class.relname = $1::VARCHAR AND pg_catalog.pg_class.relkind = ANY (ARRAY[$2::VARCHAR, $3::VARCHAR, $4::VARCHAR, $5::VARCHAR, $6::VARCHAR]) AND pg_catalog.pg_table_is_visible(pg_catalog.pg_class.oid) AND pg_catalog.pg_namespace.nspname != $7::VARCHAR", "request_id": "", "taskName": "Task-2"}
{"timestamp": "2025-03-06 17:02:28,086", "level": "INFO", "logger": "sqlalchemy.engine.Engine", "message": "[generated in 0.00085s] ('auth', 'r', 'p', 'f', 'v', 'm', 'pg_catalog')", "request_id": "", "taskName": "Task-2"}
{"timestamp": "2025-03-06 17:02:28,089", "level": "INFO", "logger": "sqlalchemy.engine.Engine", "message": "SELECT pg_catalog.pg_class.relname \nFROM pg_catalog.pg_class JOIN pg_catalog.pg_namespace ON pg_catalog.pg_namespace.oid = pg_catalog.pg_class.relnamespace \nWHERE pg_catalog.pg_class.relname = $1::VARCHAR AND pg_catalog.pg_class.relkind = ANY (ARRAY[$2::VARCHAR, $3::VARCHAR, $4::VARCHAR, $5::VARCHAR, $6::VARCHAR]) AND pg_catalog.pg_table_is_visible(pg_catalog.pg_class.oid) AND pg_catalog.pg_namespace.nspname != $7::VARCHAR", "request_id": "", "taskName": "Task-2"}
{"timestamp": "2025-03-06 17:02:28,090", "level": "INFO", "logger": "sqlalchemy.engine.Engine", "message": "[cached since 0.005238s ago] ('request_logs', 'r', 'p', 'f', 'v', 'm', 'pg_catalog')", "request_id": "", "taskName": "Task-2"}
{"timestamp": "2025-03-06 17:02:28,092", "level": "INFO", "logger": "sqlalchemy.engine.Engine", "message": "SELECT pg_catalog.pg_class.relname \nFROM pg_catalog.pg_class JOIN pg_catalog.pg_namespace ON pg_catalog.pg_namespace.oid = pg_catalog.pg_class.relnamespace \nWHERE pg_catalog.pg_class.relname = $1::VARCHAR AND pg_catalog.pg_class.relkind = ANY (ARRAY[$2::VARCHAR, $3::VARCHAR, $4::VARCHAR, $5::VARCHAR, $6::VARCHAR]) AND pg_catalog.pg_table_is_visible(pg_catalog.pg_class.oid) AND pg_catalog.pg_namespace.nspname != $7::VARCHAR", "request_id": "", "taskName": "Task-2"}
{"timestamp": "2025-03-06 17:02:28,092", "level": "INFO", "logger": "sqlalchemy.engine.Engine", "message": "[cached since 0.007294s ago] ('profiles', 'r', 'p', 'f', 'v', 'm', 'pg_catalog')", "request_id": "", "taskName": "Task-2"}
{"timestamp": "2025-03-06 17:02:28,094", "level": "INFO", "logger": "sqlalchemy.engine.Engine", "message": "COMMIT", "request_id": "", "taskName": "Task-2"}
{"timestamp": "2025-03-06 17:02:28,095", "level": "INFO", "logger": "db.repository", "message": "Database initialized successfully", "request_id": "", "taskName": "Task-2"}
{"timestamp": "2025-03-06 17:02:28,095", "level": "INFO", "logger": "root", "message": "Database initialized successfully", "request_id": "", "taskName": "Task-2"}
{"timestamp": "2025-03-06 17:02:34,757", "level": "INFO", "logger": "core.exceptions.handlers", "message": "Exception handlers registered successfully", "request_id": "", "taskName": null}
{"timestamp": "2025-03-06 17:02:34,838", "level": "INFO", "logger": "core.exceptions.handlers", "message": "Exception handlers registered successfully", "request_id": "", "taskName": "Task-1"}
{"timestamp": "2025-03-06 17:02:34,862", "level": "INFO", "logger": "root", "message": "Initializing database...", "request_id": "", "taskName": "Task-2"}
{"timestamp": "2025-03-06 17:02:34,862", "level": "INFO", "logger": "db.repository", "message": "Attempting database connection (attempt 1/5)", "request_id": "", "taskName": "Task-2"}
{"timestamp": "2025-03-06 17:02:34,898", "level": "INFO", "logger": "sqlalchemy.engine.Engine", "message": "select pg_catalog.version()", "request_id": "", "taskName": "Task-2"}
{"timestamp": "2025-03-06 17:02:34,899", "level": "INFO", "logger": "sqlalchemy.engine.Engine", "message": "[raw sql] ()", "request_id": "", "taskName": "Task-2"}
{"timestamp": "2025-03-06 17:02:34,902", "level": "INFO", "logger": "sqlalchemy.engine.Engine", "message": "select current_schema()", "request_id": "", "taskName": "Task-2"}
{"timestamp": "2025-03-06 17:02:34,903", "level": "INFO", "logger": "sqlalchemy.engine.Engine", "message": "[raw sql] ()", "request_id": "", "taskName": "Task-2"}
{"timestamp": "2025-03-06 17:02:34,905", "level": "INFO", "logger": "sqlalchemy.engine.Engine", "message": "show standard_conforming_strings", "request_id": "", "taskName": "Task-2"}
{"timestamp": "2025-03-06 17:02:34,905", "level": "INFO", "logger": "sqlalchemy.engine.Engine", "message": "[raw sql] ()", "request_id": "", "taskName": "Task-2"}
{"timestamp": "2025-03-06 17:02:34,908", "level": "INFO", "logger": "sqlalchemy.engine.Engine", "message": "BEGIN (implicit)", "request_id": "", "taskName": "Task-2"}
{"timestamp": "2025-03-06 17:02:34,910", "level": "INFO", "logger": "sqlalchemy.engine.Engine", "message": "SELECT pg_catalog.pg_class.relname \nFROM pg_catalog.pg_class JOIN pg_catalog.pg_namespace ON pg_catalog.pg_namespace.oid = pg_catalog.pg_class.relnamespace \nWHERE pg_catalog.pg_class.relname = $1::VARCHAR AND pg_catalog.pg_class.relkind = ANY (ARRAY[$2::VARCHAR, $3::VARCHAR, $4::VARCHAR, $5::VARCHAR, $6::VARCHAR]) AND pg_catalog.pg_table_is_visible(pg_catalog.pg_class.oid) AND pg_catalog.pg_namespace.nspname != $7::VARCHAR", "request_id": "", "taskName": "Task-2"}
{"timestamp": "2025-03-06 17:02:34,911", "level": "INFO", "logger": "sqlalchemy.engine.Engine", "message": "[generated in 0.00042s] ('auth', 'r', 'p', 'f', 'v', 'm', 'pg_catalog')", "request_id": "", "taskName": "Task-2"}
{"timestamp": "2025-03-06 17:02:34,914", "level": "INFO", "logger": "sqlalchemy.engine.Engine", "message": "SELECT pg_catalog.pg_class.relname \nFROM pg_catalog.pg_class JOIN pg_catalog.pg_namespace ON pg_catalog.pg_namespace.oid = pg_catalog.pg_class.relnamespace \nWHERE pg_catalog.pg_class.relname = $1::VARCHAR AND pg_catalog.pg_class.relkind = ANY (ARRAY[$2::VARCHAR, $3::VARCHAR, $4::VARCHAR, $5::VARCHAR, $6::VARCHAR]) AND pg_catalog.pg_table_is_visible(pg_catalog.pg_class.oid) AND pg_catalog.pg_namespace.nspname != $7::VARCHAR", "request_id": "", "taskName": "Task-2"}
{"timestamp": "2025-03-06 17:02:34,914", "level": "INFO", "logger": "sqlalchemy.engine.Engine", "message": "[cached since 0.004032s ago] ('request_logs', 'r', 'p', 'f', 'v', 'm', 'pg_catalog')", "request_id": "", "taskName": "Task-2"}
{"timestamp": "2025-03-06 17:02:34,915", "level": "INFO", "logger": "sqlalchemy.engine.Engine", "message": "SELECT pg_catalog.pg_class.relname \nFROM pg_catalog.pg_class JOIN pg_catalog.pg_namespace ON pg_catalog.pg_namespace.oid = pg_catalog.pg_class.relnamespace \nWHERE pg_catalog.pg_class.relname = $1::VARCHAR AND pg_catalog.pg_class.relkind = ANY (ARRAY[$2::VARCHAR, $3::VARCHAR, $4::VARCHAR, $5::VARCHAR, $6::VARCHAR]) AND pg_catalog.pg_table_is_visible(pg_catalog.pg_class.oid) AND pg_catalog.pg_namespace.nspname != $7::VARCHAR", "request_id": "", "taskName": "Task-2"}
{"timestamp": "2025-03-06 17:02:34,915", "level": "INFO", "logger": "sqlalchemy.engine.Engine", "message": "[cached since 0.005284s ago] ('profiles', 'r', 'p', 'f', 'v', 'm', 'pg_catalog')", "request_id": "", "taskName": "Task-2"}
{"timestamp": "2025-03-06 17:02:34,917", "level": "INFO", "logger": "sqlalchemy.engine.Engine", "message": "COMMIT", "request_id": "", "taskName": "Task-2"}
{"timestamp": "2025-03-06 17:02:34,918", "level": "INFO", "logger": "db.repository", "message": "Database initialized successfully", "request_id": "", "taskName": "Task-2"}
{"timestamp": "2025-03-06 17:02:34,918", "level": "INFO", "logger": "root", "message": "Database initialized successfully", "request_id": "", "taskName": "Task-2"}
